<?xml version="1.0" encoding="UTF-8"?>
<!-- Generated by org.testng.reporters.JUnitXMLReporter -->
<testsuite ignored="0" hostname="LAPTOP-43BVG9C9" failures="0" tests="6" name="All Internship Tasks" time="55.041" errors="0" timestamp="2025-08-28T13:33:08 IST">
  <testcase classname="tasks.Task1_SelectProduct" name="selectValidProduct" time="12.204"/>
  <testcase classname="tasks.Task2_AddToCart" name="addMultipleItemsAndVerifyCartTotal" time="0.009"/>
  <testcase classname="tasks.Task3_LoginValidation" name="fetchProfileName" time="11.436"/>
  <testcase classname="tasks.Task4_PriceMonitor" name="monitorProductPrice" time="9.253"/>
  <testcase classname="tasks.Task5_EndToEndOrder" name="testSearchAndPickProduct" time="18.889"/>
  <testcase classname="tasks.Task6_SearchFilters" name="searchWithFilters" time="0.001"/>
</testsuite> <!-- All Internship Tasks -->
